C:\USERS\JORGE\DOWNLOADS\PROJETO\OF_V0.8.4_VS_RELEASE\APPS\MYAPPS\MYPROJECTTEMPMATCH\OBJ\DEBUG\OSCPRINTRECEIVEDELEMENTS.OBJ
C:\USERS\JORGE\DOWNLOADS\PROJETO\OF_V0.8.4_VS_RELEASE\APPS\MYAPPS\MYPROJECTTEMPMATCH\OBJ\DEBUG\OSCOUTBOUNDPACKETSTREAM.OBJ
C:\USERS\JORGE\DOWNLOADS\PROJETO\OF_V0.8.4_VS_RELEASE\APPS\MYAPPS\MYPROJECTTEMPMATCH\OBJ\DEBUG\OSCTYPES.OBJ
C:\USERS\JORGE\DOWNLOADS\PROJETO\OF_V0.8.4_VS_RELEASE\APPS\MYAPPS\MYPROJECTTEMPMATCH\OBJ\DEBUG\OSCRECEIVEDELEMENTS.OBJ
C:\USERS\JORGE\DOWNLOADS\PROJETO\OF_V0.8.4_VS_RELEASE\APPS\MYAPPS\MYPROJECTTEMPMATCH\OBJ\DEBUG\NETWORKINGUTILSWIN.OBJ
C:\USERS\JORGE\DOWNLOADS\PROJETO\OF_V0.8.4_VS_RELEASE\APPS\MYAPPS\MYPROJECTTEMPMATCH\OBJ\DEBUG\UDPSOCKETWIN.OBJ
C:\USERS\JORGE\DOWNLOADS\PROJETO\OF_V0.8.4_VS_RELEASE\APPS\MYAPPS\MYPROJECTTEMPMATCH\OBJ\DEBUG\IPENDPOINTNAME.OBJ
C:\USERS\JORGE\DOWNLOADS\PROJETO\OF_V0.8.4_VS_RELEASE\APPS\MYAPPS\MYPROJECTTEMPMATCH\OBJ\DEBUG\UDPSOCKET.OBJ
C:\USERS\JORGE\DOWNLOADS\PROJETO\OF_V0.8.4_VS_RELEASE\APPS\MYAPPS\MYPROJECTTEMPMATCH\OBJ\DEBUG\NETWORKINGUTILS.OBJ
C:\USERS\JORGE\DOWNLOADS\PROJETO\OF_V0.8.4_VS_RELEASE\APPS\MYAPPS\MYPROJECTTEMPMATCH\OBJ\DEBUG\OFXVECTORGRAPHICS.OBJ
C:\USERS\JORGE\DOWNLOADS\PROJETO\OF_V0.8.4_VS_RELEASE\APPS\MYAPPS\MYPROJECTTEMPMATCH\OBJ\DEBUG\CREEPS.OBJ
C:\USERS\JORGE\DOWNLOADS\PROJETO\OF_V0.8.4_VS_RELEASE\APPS\MYAPPS\MYPROJECTTEMPMATCH\OBJ\DEBUG\OFXXMLSETTINGS.OBJ
C:\USERS\JORGE\DOWNLOADS\PROJETO\OF_V0.8.4_VS_RELEASE\APPS\MYAPPS\MYPROJECTTEMPMATCH\OBJ\DEBUG\TINYXMLERROR.OBJ
C:\USERS\JORGE\DOWNLOADS\PROJETO\OF_V0.8.4_VS_RELEASE\APPS\MYAPPS\MYPROJECTTEMPMATCH\OBJ\DEBUG\TINYXML.OBJ
C:\USERS\JORGE\DOWNLOADS\PROJETO\OF_V0.8.4_VS_RELEASE\APPS\MYAPPS\MYPROJECTTEMPMATCH\OBJ\DEBUG\TINYXMLPARSER.OBJ
C:\USERS\JORGE\DOWNLOADS\PROJETO\OF_V0.8.4_VS_RELEASE\APPS\MYAPPS\MYPROJECTTEMPMATCH\OBJ\DEBUG\OFXASSIMPANIMATION.OBJ
C:\USERS\JORGE\DOWNLOADS\PROJETO\OF_V0.8.4_VS_RELEASE\APPS\MYAPPS\MYPROJECTTEMPMATCH\OBJ\DEBUG\OFXASSIMPMESHHELPER.OBJ
C:\USERS\JORGE\DOWNLOADS\PROJETO\OF_V0.8.4_VS_RELEASE\APPS\MYAPPS\MYPROJECTTEMPMATCH\OBJ\DEBUG\OFXASSIMPMODELLOADER.OBJ
C:\USERS\JORGE\DOWNLOADS\PROJETO\OF_V0.8.4_VS_RELEASE\APPS\MYAPPS\MYPROJECTTEMPMATCH\OBJ\DEBUG\OFXASSIMPTEXTURE.OBJ
C:\USERS\JORGE\DOWNLOADS\PROJETO\OF_V0.8.4_VS_RELEASE\APPS\MYAPPS\MYPROJECTTEMPMATCH\OBJ\DEBUG\OFXTHREADEDIMAGELOADER.OBJ
C:\USERS\JORGE\DOWNLOADS\PROJETO\OF_V0.8.4_VS_RELEASE\APPS\MYAPPS\MYPROJECTTEMPMATCH\OBJ\DEBUG\TEXTURE3DS.OBJ
C:\USERS\JORGE\DOWNLOADS\PROJETO\OF_V0.8.4_VS_RELEASE\APPS\MYAPPS\MYPROJECTTEMPMATCH\OBJ\DEBUG\MODEL3DS.OBJ
C:\USERS\JORGE\DOWNLOADS\PROJETO\OF_V0.8.4_VS_RELEASE\APPS\MYAPPS\MYPROJECTTEMPMATCH\OBJ\DEBUG\OFX3DMODELLOADER.OBJ
C:\USERS\JORGE\DOWNLOADS\PROJETO\OF_V0.8.4_VS_RELEASE\APPS\MYAPPS\MYPROJECTTEMPMATCH\OBJ\DEBUG\OFXTCPMANAGER.OBJ
C:\USERS\JORGE\DOWNLOADS\PROJETO\OF_V0.8.4_VS_RELEASE\APPS\MYAPPS\MYPROJECTTEMPMATCH\OBJ\DEBUG\OFXUDPMANAGER.OBJ
C:\USERS\JORGE\DOWNLOADS\PROJETO\OF_V0.8.4_VS_RELEASE\APPS\MYAPPS\MYPROJECTTEMPMATCH\OBJ\DEBUG\OFXTCPCLIENT.OBJ
C:\USERS\JORGE\DOWNLOADS\PROJETO\OF_V0.8.4_VS_RELEASE\APPS\MYAPPS\MYPROJECTTEMPMATCH\OBJ\DEBUG\OFXTCPSERVER.OBJ
C:\USERS\JORGE\DOWNLOADS\PROJETO\OF_V0.8.4_VS_RELEASE\APPS\MYAPPS\MYPROJECTTEMPMATCH\OBJ\DEBUG\OFXCVIMAGE.OBJ
C:\USERS\JORGE\DOWNLOADS\PROJETO\OF_V0.8.4_VS_RELEASE\APPS\MYAPPS\MYPROJECTTEMPMATCH\OBJ\DEBUG\OFXCVFLOATIMAGE.OBJ
C:\USERS\JORGE\DOWNLOADS\PROJETO\OF_V0.8.4_VS_RELEASE\APPS\MYAPPS\MYPROJECTTEMPMATCH\OBJ\DEBUG\OFXCVCOLORIMAGE.OBJ
C:\USERS\JORGE\DOWNLOADS\PROJETO\OF_V0.8.4_VS_RELEASE\APPS\MYAPPS\MYPROJECTTEMPMATCH\OBJ\DEBUG\OFXCVGRAYSCALEIMAGE.OBJ
C:\USERS\JORGE\DOWNLOADS\PROJETO\OF_V0.8.4_VS_RELEASE\APPS\MYAPPS\MYPROJECTTEMPMATCH\OBJ\DEBUG\OFXCVCONTOURFINDER.OBJ
C:\USERS\JORGE\DOWNLOADS\PROJETO\OF_V0.8.4_VS_RELEASE\APPS\MYAPPS\MYPROJECTTEMPMATCH\OBJ\DEBUG\OFXCVSHORTIMAGE.OBJ
C:\USERS\JORGE\DOWNLOADS\PROJETO\OF_V0.8.4_VS_RELEASE\APPS\MYAPPS\MYPROJECTTEMPMATCH\OBJ\DEBUG\OFXCVHAARFINDER.OBJ
C:\USERS\JORGE\DOWNLOADS\PROJETO\OF_V0.8.4_VS_RELEASE\APPS\MYAPPS\MYPROJECTTEMPMATCH\OBJ\DEBUG\OFXOSCBUNDLE.OBJ
C:\USERS\JORGE\DOWNLOADS\PROJETO\OF_V0.8.4_VS_RELEASE\APPS\MYAPPS\MYPROJECTTEMPMATCH\OBJ\DEBUG\OFXOSCMESSAGE.OBJ
C:\USERS\JORGE\DOWNLOADS\PROJETO\OF_V0.8.4_VS_RELEASE\APPS\MYAPPS\MYPROJECTTEMPMATCH\OBJ\DEBUG\OFXOSCPARAMETERSYNC.OBJ
C:\USERS\JORGE\DOWNLOADS\PROJETO\OF_V0.8.4_VS_RELEASE\APPS\MYAPPS\MYPROJECTTEMPMATCH\OBJ\DEBUG\OFXOSCSENDER.OBJ
C:\USERS\JORGE\DOWNLOADS\PROJETO\OF_V0.8.4_VS_RELEASE\APPS\MYAPPS\MYPROJECTTEMPMATCH\OBJ\DEBUG\OFXOSCRECEIVER.OBJ
C:\USERS\JORGE\DOWNLOADS\PROJETO\OF_V0.8.4_VS_RELEASE\APPS\MYAPPS\MYPROJECTTEMPMATCH\OBJ\DEBUG\VC110.PDB
C:\USERS\JORGE\DOWNLOADS\PROJETO\OF_V0.8.4_VS_RELEASE\APPS\MYAPPS\MYPROJECTTEMPMATCH\OBJ\DEBUG\MAIN.OBJ
C:\USERS\JORGE\DOWNLOADS\PROJETO\OF_V0.8.4_VS_RELEASE\APPS\MYAPPS\MYPROJECTTEMPMATCH\OBJ\DEBUG\TEMPMATCH.OBJ
C:\Users\Jorge\Downloads\Projeto\of_v0.8.4_vs_release\apps\myApps\MyProjectTempMatch\bin\MyProjectTempMatch_debug.lib
C:\Users\Jorge\Downloads\Projeto\of_v0.8.4_vs_release\apps\myApps\MyProjectTempMatch\bin\MyProjectTempMatch_debug.exp
C:\USERS\JORGE\DOWNLOADS\PROJETO\OF_V0.8.4_VS_RELEASE\APPS\MYAPPS\MYPROJECTTEMPMATCH\OBJ\DEBUG\ICON.RES
C:\Users\Jorge\Downloads\Projeto\of_v0.8.4_vs_release\apps\myApps\MyProjectTempMatch\obj\Debug\MyProjectTempMatch.vcxprojResolveAssemblyReference.cache
C:\Users\Jorge\Downloads\Projeto\of_v0.8.4_vs_release\apps\myApps\MyProjectTempMatch\obj\Debug\CreEPS.obj
C:\Users\Jorge\Downloads\Projeto\of_v0.8.4_vs_release\apps\myApps\MyProjectTempMatch\obj\Debug\IpEndpointName.obj
C:\Users\Jorge\Downloads\Projeto\of_v0.8.4_vs_release\apps\myApps\MyProjectTempMatch\obj\Debug\main.obj
C:\Users\Jorge\Downloads\Projeto\of_v0.8.4_vs_release\apps\myApps\MyProjectTempMatch\obj\Debug\model3DS.obj
C:\Users\Jorge\Downloads\Projeto\of_v0.8.4_vs_release\apps\myApps\MyProjectTempMatch\obj\Debug\NetworkingUtils.obj
C:\Users\Jorge\Downloads\Projeto\of_v0.8.4_vs_release\apps\myApps\MyProjectTempMatch\obj\Debug\NetworkingUtilsWin.obj
C:\Users\Jorge\Downloads\Projeto\of_v0.8.4_vs_release\apps\myApps\MyProjectTempMatch\obj\Debug\ofx3dModelLoader.obj
C:\Users\Jorge\Downloads\Projeto\of_v0.8.4_vs_release\apps\myApps\MyProjectTempMatch\obj\Debug\ofxAssimpAnimation.obj
C:\Users\Jorge\Downloads\Projeto\of_v0.8.4_vs_release\apps\myApps\MyProjectTempMatch\obj\Debug\ofxAssimpMeshHelper.obj
C:\Users\Jorge\Downloads\Projeto\of_v0.8.4_vs_release\apps\myApps\MyProjectTempMatch\obj\Debug\ofxAssimpModelLoader.obj
C:\Users\Jorge\Downloads\Projeto\of_v0.8.4_vs_release\apps\myApps\MyProjectTempMatch\obj\Debug\ofxAssimpTexture.obj
C:\Users\Jorge\Downloads\Projeto\of_v0.8.4_vs_release\apps\myApps\MyProjectTempMatch\obj\Debug\ofxCvColorImage.obj
C:\Users\Jorge\Downloads\Projeto\of_v0.8.4_vs_release\apps\myApps\MyProjectTempMatch\obj\Debug\ofxCvContourFinder.obj
C:\Users\Jorge\Downloads\Projeto\of_v0.8.4_vs_release\apps\myApps\MyProjectTempMatch\obj\Debug\ofxCvFloatImage.obj
C:\Users\Jorge\Downloads\Projeto\of_v0.8.4_vs_release\apps\myApps\MyProjectTempMatch\obj\Debug\ofxCvGrayscaleImage.obj
C:\Users\Jorge\Downloads\Projeto\of_v0.8.4_vs_release\apps\myApps\MyProjectTempMatch\obj\Debug\ofxCvHaarFinder.obj
C:\Users\Jorge\Downloads\Projeto\of_v0.8.4_vs_release\apps\myApps\MyProjectTempMatch\obj\Debug\ofxCvImage.obj
C:\Users\Jorge\Downloads\Projeto\of_v0.8.4_vs_release\apps\myApps\MyProjectTempMatch\obj\Debug\ofxCvShortImage.obj
C:\Users\Jorge\Downloads\Projeto\of_v0.8.4_vs_release\apps\myApps\MyProjectTempMatch\obj\Debug\ofxOscBundle.obj
C:\Users\Jorge\Downloads\Projeto\of_v0.8.4_vs_release\apps\myApps\MyProjectTempMatch\obj\Debug\ofxOscMessage.obj
C:\Users\Jorge\Downloads\Projeto\of_v0.8.4_vs_release\apps\myApps\MyProjectTempMatch\obj\Debug\ofxOscParameterSync.obj
C:\Users\Jorge\Downloads\Projeto\of_v0.8.4_vs_release\apps\myApps\MyProjectTempMatch\obj\Debug\ofxOscReceiver.obj
C:\Users\Jorge\Downloads\Projeto\of_v0.8.4_vs_release\apps\myApps\MyProjectTempMatch\obj\Debug\ofxOscSender.obj
C:\Users\Jorge\Downloads\Projeto\of_v0.8.4_vs_release\apps\myApps\MyProjectTempMatch\obj\Debug\ofxTCPClient.obj
C:\Users\Jorge\Downloads\Projeto\of_v0.8.4_vs_release\apps\myApps\MyProjectTempMatch\obj\Debug\ofxTCPManager.obj
C:\Users\Jorge\Downloads\Projeto\of_v0.8.4_vs_release\apps\myApps\MyProjectTempMatch\obj\Debug\ofxTCPServer.obj
C:\Users\Jorge\Downloads\Projeto\of_v0.8.4_vs_release\apps\myApps\MyProjectTempMatch\obj\Debug\ofxThreadedImageLoader.obj
C:\Users\Jorge\Downloads\Projeto\of_v0.8.4_vs_release\apps\myApps\MyProjectTempMatch\obj\Debug\ofxUDPManager.obj
C:\Users\Jorge\Downloads\Projeto\of_v0.8.4_vs_release\apps\myApps\MyProjectTempMatch\obj\Debug\ofxVectorGraphics.obj
C:\Users\Jorge\Downloads\Projeto\of_v0.8.4_vs_release\apps\myApps\MyProjectTempMatch\obj\Debug\ofxXmlSettings.obj
C:\Users\Jorge\Downloads\Projeto\of_v0.8.4_vs_release\apps\myApps\MyProjectTempMatch\obj\Debug\OscOutboundPacketStream.obj
C:\Users\Jorge\Downloads\Projeto\of_v0.8.4_vs_release\apps\myApps\MyProjectTempMatch\obj\Debug\OscPrintReceivedElements.obj
C:\Users\Jorge\Downloads\Projeto\of_v0.8.4_vs_release\apps\myApps\MyProjectTempMatch\obj\Debug\OscReceivedElements.obj
C:\Users\Jorge\Downloads\Projeto\of_v0.8.4_vs_release\apps\myApps\MyProjectTempMatch\obj\Debug\OscTypes.obj
C:\Users\Jorge\Downloads\Projeto\of_v0.8.4_vs_release\apps\myApps\MyProjectTempMatch\obj\Debug\tempMatch.obj
C:\Users\Jorge\Downloads\Projeto\of_v0.8.4_vs_release\apps\myApps\MyProjectTempMatch\obj\Debug\texture3DS.obj
C:\Users\Jorge\Downloads\Projeto\of_v0.8.4_vs_release\apps\myApps\MyProjectTempMatch\obj\Debug\tinyxml.obj
C:\Users\Jorge\Downloads\Projeto\of_v0.8.4_vs_release\apps\myApps\MyProjectTempMatch\obj\Debug\tinyxmlerror.obj
C:\Users\Jorge\Downloads\Projeto\of_v0.8.4_vs_release\apps\myApps\MyProjectTempMatch\obj\Debug\tinyxmlparser.obj
C:\Users\Jorge\Downloads\Projeto\of_v0.8.4_vs_release\apps\myApps\MyProjectTempMatch\obj\Debug\UdpSocket.obj
C:\Users\Jorge\Downloads\Projeto\of_v0.8.4_vs_release\apps\myApps\MyProjectTempMatch\obj\Debug\UdpSocketWin.obj
C:\Users\Jorge\Downloads\Projeto\of_v0.8.4_vs_release\apps\myApps\MyProjectTempMatch\obj\Debug\cl.command.1.tlog
C:\Users\Jorge\Downloads\Projeto\of_v0.8.4_vs_release\apps\myApps\MyProjectTempMatch\obj\Debug\CL.read.1.tlog
C:\Users\Jorge\Downloads\Projeto\of_v0.8.4_vs_release\apps\myApps\MyProjectTempMatch\obj\Debug\CL.write.1.tlog
C:\Users\Jorge\Downloads\Projeto\of_v0.8.4_vs_release\apps\myApps\MyProjectTempMatch\obj\Debug\link-cvtres.read.1.tlog
C:\Users\Jorge\Downloads\Projeto\of_v0.8.4_vs_release\apps\myApps\MyProjectTempMatch\obj\Debug\link-cvtres.write.1.tlog
C:\Users\Jorge\Downloads\Projeto\of_v0.8.4_vs_release\apps\myApps\MyProjectTempMatch\obj\Debug\link-rc.read.1.tlog
C:\Users\Jorge\Downloads\Projeto\of_v0.8.4_vs_release\apps\myApps\MyProjectTempMatch\obj\Debug\link-rc.write.1.tlog
C:\Users\Jorge\Downloads\Projeto\of_v0.8.4_vs_release\apps\myApps\MyProjectTempMatch\obj\Debug\link.4376-cvtres.read.1.tlog
C:\Users\Jorge\Downloads\Projeto\of_v0.8.4_vs_release\apps\myApps\MyProjectTempMatch\obj\Debug\link.4376-cvtres.write.1.tlog
C:\Users\Jorge\Downloads\Projeto\of_v0.8.4_vs_release\apps\myApps\MyProjectTempMatch\obj\Debug\link.4376-rc.read.1.tlog
C:\Users\Jorge\Downloads\Projeto\of_v0.8.4_vs_release\apps\myApps\MyProjectTempMatch\obj\Debug\link.4376-rc.write.1.tlog
C:\Users\Jorge\Downloads\Projeto\of_v0.8.4_vs_release\apps\myApps\MyProjectTempMatch\obj\Debug\link.4376.read.1.tlog
C:\Users\Jorge\Downloads\Projeto\of_v0.8.4_vs_release\apps\myApps\MyProjectTempMatch\obj\Debug\link.4376.write.1.tlog
C:\Users\Jorge\Downloads\Projeto\of_v0.8.4_vs_release\apps\myApps\MyProjectTempMatch\obj\Debug\link.command.1.tlog
C:\Users\Jorge\Downloads\Projeto\of_v0.8.4_vs_release\apps\myApps\MyProjectTempMatch\obj\Debug\link.read.1.tlog
C:\Users\Jorge\Downloads\Projeto\of_v0.8.4_vs_release\apps\myApps\MyProjectTempMatch\obj\Debug\link.write.1.tlog
C:\Users\Jorge\Downloads\Projeto\of_v0.8.4_vs_release\apps\myApps\MyProjectTempMatch\obj\Debug\MyProjectTempMatch.write.1.tlog
C:\Users\Jorge\Downloads\Projeto\of_v0.8.4_vs_release\apps\myApps\MyProjectTempMatch\obj\Debug\rc.command.1.tlog
C:\Users\Jorge\Downloads\Projeto\of_v0.8.4_vs_release\apps\myApps\MyProjectTempMatch\obj\Debug\rc.read.1.tlog
C:\Users\Jorge\Downloads\Projeto\of_v0.8.4_vs_release\apps\myApps\MyProjectTempMatch\obj\Debug\rc.write.1.tlog
C:\Users\Jorge\Downloads\Projeto\of_v0.8.4_vs_release\apps\myApps\MyProjectTempMatch\obj\Debug\icon.res
C:\Users\Jorge\Downloads\Projeto\of_v0.8.4_vs_release\apps\myApps\MyProjectTempMatch\obj\Debug\vc110.idb
C:\Users\Jorge\Downloads\Projeto\of_v0.8.4_vs_release\apps\myApps\MyProjectTempMatch\obj\Debug\vc120.idb
C:\Users\Jorge\Downloads\Projeto\of_v0.8.4_vs_release\apps\myApps\MyProjectTempMatch\obj\Debug\vc110.pdb
C:\Users\Jorge\Downloads\Projeto\of_v0.8.4_vs_release\apps\myApps\MyProjectTempMatch\obj\Debug\vc120.pdb
